<?xml version="1.0" encoding="UTF-8"?>
<testng-results skipped="0" failed="0" ignored="0" total="1" passed="1">
  <reporter-output>
  </reporter-output>
  <suite name="Default suite" duration-ms="13517" started-at="2016-12-22T09:02:36Z" finished-at="2016-12-22T09:02:49Z">
    <groups>
    </groups>
    <test name="Default test" duration-ms="13517" started-at="2016-12-22T09:02:36Z" finished-at="2016-12-22T09:02:49Z">
      <class name="Testcases.Tests">
        <test-method status="PASS" signature="setup()[pri:0, instance:Testcases.Tests@523884b2]" name="setup" is-config="true" duration-ms="4" started-at="2016-12-22T04:02:36Z" finished-at="2016-12-22T04:02:36Z">
          <reporter-output>
          </reporter-output>
        </test-method> <!-- setup -->
        <test-method status="PASS" signature="ExecuteTestcases()[pri:0, instance:Testcases.Tests@523884b2]" name="ExecuteTestcases" duration-ms="13496" started-at="2016-12-22T04:02:36Z" finished-at="2016-12-22T04:02:49Z">
          <reporter-output>
          </reporter-output>
        </test-method> <!-- ExecuteTestcases -->
      </class> <!-- Testcases.Tests -->
    </test> <!-- Default test -->
  </suite> <!-- Default suite -->
</testng-results>
